Formatted file already exists and is non-empty: ../../projects/single_cell_files/hic_1Mb_raw_dir/chr1/sc11.ACTTGA_chr1_processed_juicer_formatted.txt. Skipping conversion.
./make_hic_for_normalization_afterprocessing.sh: line 31: ../../projects/single_cell_files/hic_1Mb_raw_dir/chr1/sc11.CGATGT_chr1_processed.txt: No such file or directory
./make_hic_for_normalization_afterprocessing.sh: line 31: ../../projects/single_cell_files/hic_1Mb_raw_dir/chr1/sc11.GCCAAT_chr1_processed.txt: No such file or directory
Conversion completed: ../../projects/single_cell_files/hic_1Mb_raw_dir/chr1/sc11.GCCAAT_chr1_processed_juicer_formatted.txt
Conversion completed: ../../projects/single_cell_files/hic_1Mb_raw_dir/chr1/sc11.CGATGT_chr1_processed_juicer_formatted.txt
./make_hic_for_normalization_afterprocessing.sh: line 31: ../../projects/single_cell_files/hic_1Mb_raw_dir/chr1/sc12.ACTTGA_chr1_processed.txt: No such file or directory
Conversion completed: ../../projects/single_cell_files/hic_1Mb_raw_dir/chr1/sc12.ACTTGA_chr1_processed_juicer_formatted.txt
./make_hic_for_normalization_afterprocessing.sh: line 31: ../../projects/single_cell_files/hic_1Mb_raw_dir/chr1/sc11.TAGCTT_chr1_processed.txt: No such file or directory
Conversion completed: ../../projects/single_cell_files/hic_1Mb_raw_dir/chr1/sc11.TAGCTT_chr1_processed_juicer_formatted.txt
./make_hic_for_normalization_afterprocessing.sh: line 31: ../../projects/single_cell_files/hic_1Mb_raw_dir/chr1/sc14.GCCAAT_chr1_processed.txt: No such file or directory
Conversion completed: ../../projects/single_cell_files/hic_1Mb_raw_dir/chr1/sc14.GCCAAT_chr1_processed_juicer_formatted.txt
./make_hic_for_normalization_afterprocessing.sh: line 31: ../../projects/single_cell_files/hic_1Mb_raw_dir/chr1/sc14.CGATGT_chr1_processed.txt: No such file or directory
Conversion completed: ../../projects/single_cell_files/hic_1Mb_raw_dir/chr1/sc14.CGATGT_chr1_processed_juicer_formatted.txt
./make_hic_for_normalization_afterprocessing.sh: line 31: ../../projects/single_cell_files/hic_1Mb_raw_dir/chr1/sc13.GCCAAT_chr1_processed.txt: No such file or directory
Conversion completed: ../../projects/single_cell_files/hic_1Mb_raw_dir/chr1/sc13.GCCAAT_chr1_processed_juicer_formatted.txt
./make_hic_for_normalization_afterprocessing.sh: line 31: ../../projects/single_cell_files/hic_1Mb_raw_dir/chr1/sc17.GCCAAT_chr1_processed.txt: No such file or directory
Conversion completed: ../../projects/single_cell_files/hic_1Mb_raw_dir/chr1/sc17.GCCAAT_chr1_processed_juicer_formatted.txt
./make_hic_for_normalization_afterprocessing.sh: line 31: ../../projects/single_cell_files/hic_1Mb_raw_dir/chr1/sc17.TAGCTT_chr1_processed.txt: No such file or directory
Conversion completed: ../../projects/single_cell_files/hic_1Mb_raw_dir/chr1/sc17.TAGCTT_chr1_processed_juicer_formatted.txt
./make_hic_for_normalization_afterprocessing.sh: line 31: ../../projects/single_cell_files/hic_1Mb_raw_dir/chr1/sc16.CGATGT_chr1_processed.txt: No such file or directory
Conversion completed: ../../projects/single_cell_files/hic_1Mb_raw_dir/chr1/sc16.CGATGT_chr1_processed_juicer_formatted.txt
./make_hic_for_normalization_afterprocessing.sh: line 31: ../../projects/single_cell_files/hic_1Mb_raw_dir/chr1/sc17.ACTTGA_chr1_processed.txt: No such file or directory
Conversion completed: ../../projects/single_cell_files/hic_1Mb_raw_dir/chr1/sc17.ACTTGA_chr1_processed_juicer_formatted.txt
./make_hic_for_normalization_afterprocessing.sh: line 31: ../../projects/single_cell_files/hic_1Mb_raw_dir/chr1/sc16.ACTTGA_chr1_processed.txt: No such file or directory
Conversion completed: ../../projects/single_cell_files/hic_1Mb_raw_dir/chr1/sc16.ACTTGA_chr1_processed_juicer_formatted.txt
./make_hic_for_normalization_afterprocessing.sh: line 31: ../../projects/single_cell_files/hic_1Mb_raw_dir/chr1/sc17.CGATGT_chr1_processed.txt: No such file or directory
Conversion completed: ../../projects/single_cell_files/hic_1Mb_raw_dir/chr1/sc17.CGATGT_chr1_processed_juicer_formatted.txt
./make_hic_for_normalization_afterprocessing.sh: line 31: ../../projects/single_cell_files/hic_1Mb_raw_dir/chr1/sc16.GCCAAT_chr1_processed.txt: No such file or directory
Conversion completed: ../../projects/single_cell_files/hic_1Mb_raw_dir/chr1/sc16.GCCAAT_chr1_processed_juicer_formatted.txt
./make_hic_for_normalization_afterprocessing.sh: line 31: ../../projects/single_cell_files/hic_1Mb_raw_dir/chr1/sc15.CGATGT_chr1_processed.txt: No such file or directory
Conversion completed: ../../projects/single_cell_files/hic_1Mb_raw_dir/chr1/sc15.CGATGT_chr1_processed_juicer_formatted.txt
./make_hic_for_normalization_afterprocessing.sh: line 31: ../../projects/single_cell_files/hic_1Mb_raw_dir/chr1/sc19.CGATGT_chr1_processed.txt: No such file or directory
Conversion completed: ../../projects/single_cell_files/hic_1Mb_raw_dir/chr1/sc19.CGATGT_chr1_processed_juicer_formatted.txt
./make_hic_for_normalization_afterprocessing.sh: line 31: ../../projects/single_cell_files/hic_1Mb_raw_dir/chr1/sc19.TAGCTT_chr1_processed.txt: No such file or directory
Conversion completed: ../../projects/single_cell_files/hic_1Mb_raw_dir/chr1/sc19.TAGCTT_chr1_processed_juicer_formatted.txt
./make_hic_for_normalization_afterprocessing.sh: line 31: ../../projects/single_cell_files/hic_1Mb_raw_dir/chr1/sc19.ACTTGA_chr1_processed.txt: No such file or directory
Conversion completed: ../../projects/single_cell_files/hic_1Mb_raw_dir/chr1/sc19.ACTTGA_chr1_processed_juicer_formatted.txt
./make_hic_for_normalization_afterprocessing.sh: line 31: ../../projects/single_cell_files/hic_1Mb_raw_dir/chr1/sc18.TAGCTT_chr1_processed.txt: No such file or directory
Conversion completed: ../../projects/single_cell_files/hic_1Mb_raw_dir/chr1/sc18.TAGCTT_chr1_processed_juicer_formatted.txt
./make_hic_for_normalization_afterprocessing.sh: line 31: ../../projects/single_cell_files/hic_1Mb_raw_dir/chr1/sc1.ACTTGA_chr1_processed.txt: No such file or directory
Conversion completed: ../../projects/single_cell_files/hic_1Mb_raw_dir/chr1/sc1.ACTTGA_chr1_processed_juicer_formatted.txt
./make_hic_for_normalization_afterprocessing.sh: line 31: ../../projects/single_cell_files/hic_1Mb_raw_dir/chr1/sc16.TAGCTT_chr1_processed.txt: No such file or directory
Conversion completed: ../../projects/single_cell_files/hic_1Mb_raw_dir/chr1/sc16.TAGCTT_chr1_processed_juicer_formatted.txt
./make_hic_for_normalization_afterprocessing.sh: line 31: ../../projects/single_cell_files/hic_1Mb_raw_dir/chr1/sc18.CGATGT_chr1_processed.txt: No such file or directory
Conversion completed: ../../projects/single_cell_files/hic_1Mb_raw_dir/chr1/sc18.CGATGT_chr1_processed_juicer_formatted.txt
./make_hic_for_normalization_afterprocessing.sh: line 31: ../../projects/single_cell_files/hic_1Mb_raw_dir/chr1/sc18.ACTTGA_chr1_processed.txt: No such file or directory
./make_hic_for_normalization_afterprocessing.sh: line 31: ../../projects/single_cell_files/hic_1Mb_raw_dir/chr1/sc18.GCCAAT_chr1_processed.txt: No such file or directory
./make_hic_for_normalization_afterprocessing.sh: line 31: ../../projects/single_cell_files/hic_1Mb_raw_dir/chr1/sc15.ACTTGA_chr1_processed.txt: No such file or directory
Conversion completed: ../../projects/single_cell_files/hic_1Mb_raw_dir/chr1/sc15.ACTTGA_chr1_processed_juicer_formatted.txt
Conversion completed: ../../projects/single_cell_files/hic_1Mb_raw_dir/chr1/sc18.GCCAAT_chr1_processed_juicer_formatted.txt
Conversion completed: ../../projects/single_cell_files/hic_1Mb_raw_dir/chr1/sc18.ACTTGA_chr1_processed_juicer_formatted.txt
./make_hic_for_normalization_afterprocessing.sh: line 31: ../../projects/single_cell_files/hic_1Mb_raw_dir/chr1/sc1.GCCAAT_chr1_processed.txt: No such file or directory
Conversion completed: ../../projects/single_cell_files/hic_1Mb_raw_dir/chr1/sc1.GCCAAT_chr1_processed_juicer_formatted.txt
./make_hic_for_normalization_afterprocessing.sh: line 31: ../../projects/single_cell_files/hic_1Mb_raw_dir/chr1/sc15.GCCAAT_chr1_processed.txt: No such file or directory
Conversion completed: ../../projects/single_cell_files/hic_1Mb_raw_dir/chr1/sc15.GCCAAT_chr1_processed_juicer_formatted.txt
./make_hic_for_normalization_afterprocessing.sh: line 31: ../../projects/single_cell_files/hic_1Mb_raw_dir/chr1/sc1.TAGCTT_chr1_processed.txt: No such file or directory
Conversion completed: ../../projects/single_cell_files/hic_1Mb_raw_dir/chr1/sc1.TAGCTT_chr1_processed_juicer_formatted.txt
./make_hic_for_normalization_afterprocessing.sh: line 31: ../../projects/single_cell_files/hic_1Mb_raw_dir/chr1/sc14.TAGCTT_chr1_processed.txt: No such file or directory
Conversion completed: ../../projects/single_cell_files/hic_1Mb_raw_dir/chr1/sc14.TAGCTT_chr1_processed_juicer_formatted.txt
./make_hic_for_normalization_afterprocessing.sh: line 31: ../../projects/single_cell_files/hic_1Mb_raw_dir/chr1/sc12.GCCAAT_chr1_processed.txt: No such file or directory
Conversion completed: ../../projects/single_cell_files/hic_1Mb_raw_dir/chr1/sc12.GCCAAT_chr1_processed_juicer_formatted.txt
./make_hic_for_normalization_afterprocessing.sh: line 31: ../../projects/single_cell_files/hic_1Mb_raw_dir/chr1/sc21.GCCAAT_chr1_processed.txt: No such file or directory
Conversion completed: ../../projects/single_cell_files/hic_1Mb_raw_dir/chr1/sc21.GCCAAT_chr1_processed_juicer_formatted.txt
./make_hic_for_normalization_afterprocessing.sh: line 31: ../../projects/single_cell_files/hic_1Mb_raw_dir/chr1/sc15.TAGCTT_chr1_processed.txt: No such file or directory
Conversion completed: ../../projects/single_cell_files/hic_1Mb_raw_dir/chr1/sc15.TAGCTT_chr1_processed_juicer_formatted.txt
./make_hic_for_normalization_afterprocessing.sh: line 31: ../../projects/single_cell_files/hic_1Mb_raw_dir/chr1/sc24.CGATGT_chr1_processed.txt: No such file or directory
Conversion completed: ../../projects/single_cell_files/hic_1Mb_raw_dir/chr1/sc24.CGATGT_chr1_processed_juicer_formatted.txt
./make_hic_for_normalization_afterprocessing.sh: line 31: ../../projects/single_cell_files/hic_1Mb_raw_dir/chr1/sc23.TAGCTT_chr1_processed.txt: No such file or directory
Conversion completed: ../../projects/single_cell_files/hic_1Mb_raw_dir/chr1/sc23.TAGCTT_chr1_processed_juicer_formatted.txt
./make_hic_for_normalization_afterprocessing.sh: line 31: ../../projects/single_cell_files/hic_1Mb_raw_dir/chr1/sc23.CGATGT_chr1_processed.txt: No such file or directory
Conversion completed: ../../projects/single_cell_files/hic_1Mb_raw_dir/chr1/sc23.CGATGT_chr1_processed_juicer_formatted.txt
./make_hic_for_normalization_afterprocessing.sh: line 31: ../../projects/single_cell_files/hic_1Mb_raw_dir/chr1/sc14.ACTTGA_chr1_processed.txt: No such file or directory
Conversion completed: ../../projects/single_cell_files/hic_1Mb_raw_dir/chr1/sc14.ACTTGA_chr1_processed_juicer_formatted.txt
./make_hic_for_normalization_afterprocessing.sh: line 31: ../../projects/single_cell_files/hic_1Mb_raw_dir/chr1/sc24.TAGCTT_chr1_processed.txt: No such file or directory
./make_hic_for_normalization_afterprocessing.sh: line 31: ../../projects/single_cell_files/hic_1Mb_raw_dir/chr1/sc22.GCCAAT_chr1_processed.txt: No such file or directory
Conversion completed: ../../projects/single_cell_files/hic_1Mb_raw_dir/chr1/sc24.TAGCTT_chr1_processed_juicer_formatted.txt
Conversion completed: ../../projects/single_cell_files/hic_1Mb_raw_dir/chr1/sc22.GCCAAT_chr1_processed_juicer_formatted.txt
./make_hic_for_normalization_afterprocessing.sh: line 31: ../../projects/single_cell_files/hic_1Mb_raw_dir/chr1/sc20.ACTTGA_chr1_processed.txt: No such file or directory
./make_hic_for_normalization_afterprocessing.sh: line 31: ../../projects/single_cell_files/hic_1Mb_raw_dir/chr1/sc24.GCCAAT_chr1_processed.txt: No such file or directory
Conversion completed: ../../projects/single_cell_files/hic_1Mb_raw_dir/chr1/sc24.GCCAAT_chr1_processed_juicer_formatted.txt
Conversion completed: ../../projects/single_cell_files/hic_1Mb_raw_dir/chr1/sc20.ACTTGA_chr1_processed_juicer_formatted.txt
./make_hic_for_normalization_afterprocessing.sh: line 31: ../../projects/single_cell_files/hic_1Mb_raw_dir/chr1/sc25.ACTTGA_chr1_processed.txt: No such file or directory
Conversion completed: ../../projects/single_cell_files/hic_1Mb_raw_dir/chr1/sc25.ACTTGA_chr1_processed_juicer_formatted.txt
./make_hic_for_normalization_afterprocessing.sh: line 31: ../../projects/single_cell_files/hic_1Mb_raw_dir/chr1/sc25.GCCAAT_chr1_processed.txt: No such file or directory
Conversion completed: ../../projects/single_cell_files/hic_1Mb_raw_dir/chr1/sc25.GCCAAT_chr1_processed_juicer_formatted.txt
./make_hic_for_normalization_afterprocessing.sh: line 31: ../../projects/single_cell_files/hic_1Mb_raw_dir/chr1/sc26.GCCAAT_chr1_processed.txt: No such file or directory
Conversion completed: ../../projects/single_cell_files/hic_1Mb_raw_dir/chr1/sc26.GCCAAT_chr1_processed_juicer_formatted.txt
./make_hic_for_normalization_afterprocessing.sh: line 31: ../../projects/single_cell_files/hic_1Mb_raw_dir/chr1/sc22.TAGCTT_chr1_processed.txt: No such file or directory
./make_hic_for_normalization_afterprocessing.sh: line 31: ../../projects/single_cell_files/hic_1Mb_raw_dir/chr1/sc2.CGATGT_chr1_processed.txt: No such file or directory
Conversion completed: ../../projects/single_cell_files/hic_1Mb_raw_dir/chr1/sc2.CGATGT_chr1_processed_juicer_formatted.txt
Conversion completed: ../../projects/single_cell_files/hic_1Mb_raw_dir/chr1/sc22.TAGCTT_chr1_processed_juicer_formatted.txt
./make_hic_for_normalization_afterprocessing.sh: line 31: ../../projects/single_cell_files/hic_1Mb_raw_dir/chr1/sc25.CGATGT_chr1_processed.txt: No such file or directory
Conversion completed: ../../projects/single_cell_files/hic_1Mb_raw_dir/chr1/sc25.CGATGT_chr1_processed_juicer_formatted.txt
./make_hic_for_normalization_afterprocessing.sh: line 31: ../../projects/single_cell_files/hic_1Mb_raw_dir/chr1/sc27.TAGCTT_chr1_processed.txt: No such file or directory
Conversion completed: ../../projects/single_cell_files/hic_1Mb_raw_dir/chr1/sc27.TAGCTT_chr1_processed_juicer_formatted.txt
./make_hic_for_normalization_afterprocessing.sh: line 31: ../../projects/single_cell_files/hic_1Mb_raw_dir/chr1/sc29.GCCAAT_chr1_processed.txt: No such file or directory
Conversion completed: ../../projects/single_cell_files/hic_1Mb_raw_dir/chr1/sc29.GCCAAT_chr1_processed_juicer_formatted.txt
./make_hic_for_normalization_afterprocessing.sh: line 31: ../../projects/single_cell_files/hic_1Mb_raw_dir/chr1/sc26.ACTTGA_chr1_processed.txt: No such file or directory
Conversion completed: ../../projects/single_cell_files/hic_1Mb_raw_dir/chr1/sc26.ACTTGA_chr1_processed_juicer_formatted.txt
./make_hic_for_normalization_afterprocessing.sh: line 31: ../../projects/single_cell_files/hic_1Mb_raw_dir/chr1/sc22.ACTTGA_chr1_processed.txt: No such file or directory
Conversion completed: ../../projects/single_cell_files/hic_1Mb_raw_dir/chr1/sc22.ACTTGA_chr1_processed_juicer_formatted.txt
./make_hic_for_normalization_afterprocessing.sh: line 31: ../../projects/single_cell_files/hic_1Mb_raw_dir/chr1/sc29.CGATGT_chr1_processed.txt: No such file or directory
Conversion completed: ../../projects/single_cell_files/hic_1Mb_raw_dir/chr1/sc29.CGATGT_chr1_processed_juicer_formatted.txt
./make_hic_for_normalization_afterprocessing.sh: line 31: ../../projects/single_cell_files/hic_1Mb_raw_dir/chr1/sc2.GCCAAT_chr1_processed.txt: No such file or directory
Conversion completed: ../../projects/single_cell_files/hic_1Mb_raw_dir/chr1/sc2.GCCAAT_chr1_processed_juicer_formatted.txt
./make_hic_for_normalization_afterprocessing.sh: line 31: ../../projects/single_cell_files/hic_1Mb_raw_dir/chr1/sc32.CGATGT_chr1_processed.txt: No such file or directory
Conversion completed: ../../projects/single_cell_files/hic_1Mb_raw_dir/chr1/sc32.CGATGT_chr1_processed_juicer_formatted.txt
./make_hic_for_normalization_afterprocessing.sh: line 31: ../../projects/single_cell_files/hic_1Mb_raw_dir/chr1/sc29.TAGCTT_chr1_processed.txt: No such file or directory
Conversion completed: ../../projects/single_cell_files/hic_1Mb_raw_dir/chr1/sc29.TAGCTT_chr1_processed_juicer_formatted.txt
./make_hic_for_normalization_afterprocessing.sh: line 31: ../../projects/single_cell_files/hic_1Mb_raw_dir/chr1/sc24.ACTTGA_chr1_processed.txt: No such file or directory
Conversion completed: ../../projects/single_cell_files/hic_1Mb_raw_dir/chr1/sc24.ACTTGA_chr1_processed_juicer_formatted.txt
./make_hic_for_normalization_afterprocessing.sh: line 31: ../../projects/single_cell_files/hic_1Mb_raw_dir/chr1/sc34.TAGCTT_chr1_processed.txt: No such file or directory
Conversion completed: ../../projects/single_cell_files/hic_1Mb_raw_dir/chr1/sc34.TAGCTT_chr1_processed_juicer_formatted.txt
./make_hic_for_normalization_afterprocessing.sh: line 31: ../../projects/single_cell_files/hic_1Mb_raw_dir/chr1/sc25.TAGCTT_chr1_processed.txt: No such file or directory
./make_hic_for_normalization_afterprocessing.sh: line 31: ../../projects/single_cell_files/hic_1Mb_raw_dir/chr1/sc30.TAGCTT_chr1_processed.txt: No such file or directory
Conversion completed: ../../projects/single_cell_files/hic_1Mb_raw_dir/chr1/sc30.TAGCTT_chr1_processed_juicer_formatted.txt
Conversion completed: ../../projects/single_cell_files/hic_1Mb_raw_dir/chr1/sc25.TAGCTT_chr1_processed_juicer_formatted.txt
./make_hic_for_normalization_afterprocessing.sh: line 31: ../../projects/single_cell_files/hic_1Mb_raw_dir/chr1/sc37.ACTTGA_chr1_processed.txt: No such file or directory
Conversion completed: ../../projects/single_cell_files/hic_1Mb_raw_dir/chr1/sc37.ACTTGA_chr1_processed_juicer_formatted.txt
./make_hic_for_normalization_afterprocessing.sh: line 31: ../../projects/single_cell_files/hic_1Mb_raw_dir/chr1/sc30.ACTTGA_chr1_processed.txt: No such file or directory
Conversion completed: ../../projects/single_cell_files/hic_1Mb_raw_dir/chr1/sc30.ACTTGA_chr1_processed_juicer_formatted.txt
./make_hic_for_normalization_afterprocessing.sh: line 31: ../../projects/single_cell_files/hic_1Mb_raw_dir/chr1/sc28.ACTTGA_chr1_processed.txt: No such file or directory
Conversion completed: ../../projects/single_cell_files/hic_1Mb_raw_dir/chr1/sc28.ACTTGA_chr1_processed_juicer_formatted.txt
./make_hic_for_normalization_afterprocessing.sh: line 31: ../../projects/single_cell_files/hic_1Mb_raw_dir/chr1/sc34.ACTTGA_chr1_processed.txt: No such file or directory
Conversion completed: ../../projects/single_cell_files/hic_1Mb_raw_dir/chr1/sc34.ACTTGA_chr1_processed_juicer_formatted.txt
./make_hic_for_normalization_afterprocessing.sh: line 31: ../../projects/single_cell_files/hic_1Mb_raw_dir/chr1/sc32.GCCAAT_chr1_processed.txt: No such file or directory
Conversion completed: ../../projects/single_cell_files/hic_1Mb_raw_dir/chr1/sc32.GCCAAT_chr1_processed_juicer_formatted.txt
./make_hic_for_normalization_afterprocessing.sh: line 31: ../../projects/single_cell_files/hic_1Mb_raw_dir/chr1/sc34.CGATGT_chr1_processed.txt: No such file or directory
Conversion completed: ../../projects/single_cell_files/hic_1Mb_raw_dir/chr1/sc34.CGATGT_chr1_processed_juicer_formatted.txt
./make_hic_for_normalization_afterprocessing.sh: line 31: ../../projects/single_cell_files/hic_1Mb_raw_dir/chr1/sc31.ACTTGA_chr1_processed.txt: No such file or directory
Conversion completed: ../../projects/single_cell_files/hic_1Mb_raw_dir/chr1/sc31.ACTTGA_chr1_processed_juicer_formatted.txt
./make_hic_for_normalization_afterprocessing.sh: line 31: ../../projects/single_cell_files/hic_1Mb_raw_dir/chr1/sc32.TAGCTT_chr1_processed.txt: No such file or directory
Conversion completed: ../../projects/single_cell_files/hic_1Mb_raw_dir/chr1/sc32.TAGCTT_chr1_processed_juicer_formatted.txt
./make_hic_for_normalization_afterprocessing.sh: line 31: ../../projects/single_cell_files/hic_1Mb_raw_dir/chr1/sc35.ACTTGA_chr1_processed.txt: No such file or directory
Conversion completed: ../../projects/single_cell_files/hic_1Mb_raw_dir/chr1/sc35.ACTTGA_chr1_processed_juicer_formatted.txt
./make_hic_for_normalization_afterprocessing.sh: line 31: ../../projects/single_cell_files/hic_1Mb_raw_dir/chr1/sc37.CGATGT_chr1_processed.txt: No such file or directory
Conversion completed: ../../projects/single_cell_files/hic_1Mb_raw_dir/chr1/sc37.CGATGT_chr1_processed_juicer_formatted.txt
./make_hic_for_normalization_afterprocessing.sh: line 31: ../../projects/single_cell_files/hic_1Mb_raw_dir/chr1/sc36.GCCAAT_chr1_processed.txt: No such file or directory
Conversion completed: ../../projects/single_cell_files/hic_1Mb_raw_dir/chr1/sc36.GCCAAT_chr1_processed_juicer_formatted.txt
./make_hic_for_normalization_afterprocessing.sh: line 31: ../../projects/single_cell_files/hic_1Mb_raw_dir/chr1/sc30.CGATGT_chr1_processed.txt: No such file or directory
./make_hic_for_normalization_afterprocessing.sh: line 31: ../../projects/single_cell_files/hic_1Mb_raw_dir/chr1/sc37.TAGCTT_chr1_processed.txt: No such file or directory
Conversion completed: ../../projects/single_cell_files/hic_1Mb_raw_dir/chr1/sc37.TAGCTT_chr1_processed_juicer_formatted.txt
Conversion completed: ../../projects/single_cell_files/hic_1Mb_raw_dir/chr1/sc30.CGATGT_chr1_processed_juicer_formatted.txt
./make_hic_for_normalization_afterprocessing.sh: line 31: ../../projects/single_cell_files/hic_1Mb_raw_dir/chr1/sc39.TAGCTT_chr1_processed.txt: No such file or directory
Conversion completed: ../../projects/single_cell_files/hic_1Mb_raw_dir/chr1/sc39.TAGCTT_chr1_processed_juicer_formatted.txt
./make_hic_for_normalization_afterprocessing.sh: line 31: ../../projects/single_cell_files/hic_1Mb_raw_dir/chr1/sc39.GCCAAT_chr1_processed.txt: No such file or directory
Conversion completed: ../../projects/single_cell_files/hic_1Mb_raw_dir/chr1/sc39.GCCAAT_chr1_processed_juicer_formatted.txt
./make_hic_for_normalization_afterprocessing.sh: line 31: ../../projects/single_cell_files/hic_1Mb_raw_dir/chr1/sc2.TAGCTT_chr1_processed.txt: No such file or directory
./make_hic_for_normalization_afterprocessing.sh: line 31: ../../projects/single_cell_files/hic_1Mb_raw_dir/chr1/sc36.TAGCTT_chr1_processed.txt: No such file or directory
Conversion completed: ../../projects/single_cell_files/hic_1Mb_raw_dir/chr1/sc36.TAGCTT_chr1_processed_juicer_formatted.txt
Conversion completed: ../../projects/single_cell_files/hic_1Mb_raw_dir/chr1/sc2.TAGCTT_chr1_processed_juicer_formatted.txt
./make_hic_for_normalization_afterprocessing.sh: line 31: ../../projects/single_cell_files/hic_1Mb_raw_dir/chr1/sc35.CGATGT_chr1_processed.txt: No such file or directory
Conversion completed: ../../projects/single_cell_files/hic_1Mb_raw_dir/chr1/sc35.CGATGT_chr1_processed_juicer_formatted.txt
./make_hic_for_normalization_afterprocessing.sh: line 31: ../../projects/single_cell_files/hic_1Mb_raw_dir/chr1/sc32.ACTTGA_chr1_processed.txt: No such file or directory
Conversion completed: ../../projects/single_cell_files/hic_1Mb_raw_dir/chr1/sc32.ACTTGA_chr1_processed_juicer_formatted.txt
./make_hic_for_normalization_afterprocessing.sh: line 31: ../../projects/single_cell_files/hic_1Mb_raw_dir/chr1/sc31.TAGCTT_chr1_processed.txt: No such file or directory
./make_hic_for_normalization_afterprocessing.sh: line 31: ../../projects/single_cell_files/hic_1Mb_raw_dir/chr1/sc3.ACTTGA_chr1_processed.txt: No such file or directory
Conversion completed: ../../projects/single_cell_files/hic_1Mb_raw_dir/chr1/sc3.ACTTGA_chr1_processed_juicer_formatted.txt
Conversion completed: ../../projects/single_cell_files/hic_1Mb_raw_dir/chr1/sc31.TAGCTT_chr1_processed_juicer_formatted.txt
./make_hic_for_normalization_afterprocessing.sh: line 31: ../../projects/single_cell_files/hic_1Mb_raw_dir/chr1/sc39.CGATGT_chr1_processed.txt: No such file or directory
Conversion completed: ../../projects/single_cell_files/hic_1Mb_raw_dir/chr1/sc39.CGATGT_chr1_processed_juicer_formatted.txt
./make_hic_for_normalization_afterprocessing.sh: line 31: ../../projects/single_cell_files/hic_1Mb_raw_dir/chr1/sc30.GCCAAT_chr1_processed.txt: No such file or directory
Conversion completed: ../../projects/single_cell_files/hic_1Mb_raw_dir/chr1/sc30.GCCAAT_chr1_processed_juicer_formatted.txt
./make_hic_for_normalization_afterprocessing.sh: line 31: ../../projects/single_cell_files/hic_1Mb_raw_dir/chr1/sc37.GCCAAT_chr1_processed.txt: No such file or directory
Conversion completed: ../../projects/single_cell_files/hic_1Mb_raw_dir/chr1/sc37.GCCAAT_chr1_processed_juicer_formatted.txt
./make_hic_for_normalization_afterprocessing.sh: line 31: ../../projects/single_cell_files/hic_1Mb_raw_dir/chr1/sc33.GCCAAT_chr1_processed.txt: No such file or directory
Conversion completed: ../../projects/single_cell_files/hic_1Mb_raw_dir/chr1/sc33.GCCAAT_chr1_processed_juicer_formatted.txt
./make_hic_for_normalization_afterprocessing.sh: line 31: ../../projects/single_cell_files/hic_1Mb_raw_dir/chr1/sc12.CGATGT_chr1_processed.txt: No such file or directory
Conversion completed: ../../projects/single_cell_files/hic_1Mb_raw_dir/chr1/sc12.CGATGT_chr1_processed_juicer_formatted.txt
./make_hic_for_normalization_afterprocessing.sh: line 31: ../../projects/single_cell_files/hic_1Mb_raw_dir/chr1/sc34.GCCAAT_chr1_processed.txt: No such file or directory
Conversion completed: ../../projects/single_cell_files/hic_1Mb_raw_dir/chr1/sc34.GCCAAT_chr1_processed_juicer_formatted.txt
./make_hic_for_normalization_afterprocessing.sh: line 31: ../../projects/single_cell_files/hic_1Mb_raw_dir/chr1/sc40.GCCAAT_chr1_processed.txt: No such file or directory
Conversion completed: ../../projects/single_cell_files/hic_1Mb_raw_dir/chr1/sc40.GCCAAT_chr1_processed_juicer_formatted.txt
./make_hic_for_normalization_afterprocessing.sh: line 31: ../../projects/single_cell_files/hic_1Mb_raw_dir/chr1/sc39.ACTTGA_chr1_processed.txt: No such file or directory
Conversion completed: ../../projects/single_cell_files/hic_1Mb_raw_dir/chr1/sc39.ACTTGA_chr1_processed_juicer_formatted.txt
./make_hic_for_normalization_afterprocessing.sh: line 31: ../../projects/single_cell_files/hic_1Mb_raw_dir/chr1/sc41.TAGCTT_chr1_processed.txt: No such file or directory
Conversion completed: ../../projects/single_cell_files/hic_1Mb_raw_dir/chr1/sc41.TAGCTT_chr1_processed_juicer_formatted.txt
./make_hic_for_normalization_afterprocessing.sh: line 31: ../../projects/single_cell_files/hic_1Mb_raw_dir/chr1/sc40.TAGCTT_chr1_processed.txt: No such file or directory
Conversion completed: ../../projects/single_cell_files/hic_1Mb_raw_dir/chr1/sc40.TAGCTT_chr1_processed_juicer_formatted.txt
./make_hic_for_normalization_afterprocessing.sh: line 31: ../../projects/single_cell_files/hic_1Mb_raw_dir/chr1/sc42.ACTTGA_chr1_processed.txt: No such file or directory
Conversion completed: ../../projects/single_cell_files/hic_1Mb_raw_dir/chr1/sc42.ACTTGA_chr1_processed_juicer_formatted.txt
./make_hic_for_normalization_afterprocessing.sh: line 31: ../../projects/single_cell_files/hic_1Mb_raw_dir/chr1/sc41.ACTTGA_chr1_processed.txt: No such file or directory
./make_hic_for_normalization_afterprocessing.sh: line 31: ../../projects/single_cell_files/hic_1Mb_raw_dir/chr1/sc3.CGATGT_chr1_processed.txt: No such file or directory
Conversion completed: ../../projects/single_cell_files/hic_1Mb_raw_dir/chr1/sc3.CGATGT_chr1_processed_juicer_formatted.txt
Conversion completed: ../../projects/single_cell_files/hic_1Mb_raw_dir/chr1/sc41.ACTTGA_chr1_processed_juicer_formatted.txt
./make_hic_for_normalization_afterprocessing.sh: line 31: ../../projects/single_cell_files/hic_1Mb_raw_dir/chr1/sc44.GCCAAT_chr1_processed.txt: No such file or directory
Conversion completed: ../../projects/single_cell_files/hic_1Mb_raw_dir/chr1/sc44.GCCAAT_chr1_processed_juicer_formatted.txt
./make_hic_for_normalization_afterprocessing.sh: line 31: ../../projects/single_cell_files/hic_1Mb_raw_dir/chr1/sc41.GCCAAT_chr1_processed.txt: No such file or directory
Conversion completed: ../../projects/single_cell_files/hic_1Mb_raw_dir/chr1/sc41.GCCAAT_chr1_processed_juicer_formatted.txt
./make_hic_for_normalization_afterprocessing.sh: line 31: ../../projects/single_cell_files/hic_1Mb_raw_dir/chr1/sc43.ACTTGA_chr1_processed.txt: No such file or directory
Conversion completed: ../../projects/single_cell_files/hic_1Mb_raw_dir/chr1/sc43.ACTTGA_chr1_processed_juicer_formatted.txt
./make_hic_for_normalization_afterprocessing.sh: line 31: ../../projects/single_cell_files/hic_1Mb_raw_dir/chr1/sc40.CGATGT_chr1_processed.txt: No such file or directory
Conversion completed: ../../projects/single_cell_files/hic_1Mb_raw_dir/chr1/sc40.CGATGT_chr1_processed_juicer_formatted.txt
./make_hic_for_normalization_afterprocessing.sh: line 31: ../../projects/single_cell_files/hic_1Mb_raw_dir/chr1/sc45.CGATGT_chr1_processed.txt: No such file or directory
Conversion completed: ../../projects/single_cell_files/hic_1Mb_raw_dir/chr1/sc45.CGATGT_chr1_processed_juicer_formatted.txt
./make_hic_for_normalization_afterprocessing.sh: line 31: ../../projects/single_cell_files/hic_1Mb_raw_dir/chr1/sc44.CGATGT_chr1_processed.txt: No such file or directory
Conversion completed: ../../projects/single_cell_files/hic_1Mb_raw_dir/chr1/sc44.CGATGT_chr1_processed_juicer_formatted.txt
./make_hic_for_normalization_afterprocessing.sh: line 31: ../../projects/single_cell_files/hic_1Mb_raw_dir/chr1/sc42.TAGCTT_chr1_processed.txt: No such file or directory
Conversion completed: ../../projects/single_cell_files/hic_1Mb_raw_dir/chr1/sc42.TAGCTT_chr1_processed_juicer_formatted.txt
./make_hic_for_normalization_afterprocessing.sh: line 31: ../../projects/single_cell_files/hic_1Mb_raw_dir/chr1/sc44.TAGCTT_chr1_processed.txt: No such file or directory
Conversion completed: ../../projects/single_cell_files/hic_1Mb_raw_dir/chr1/sc44.TAGCTT_chr1_processed_juicer_formatted.txt
./make_hic_for_normalization_afterprocessing.sh: line 31: ../../projects/single_cell_files/hic_1Mb_raw_dir/chr1/sc43.TAGCTT_chr1_processed.txt: No such file or directory
Conversion completed: ../../projects/single_cell_files/hic_1Mb_raw_dir/chr1/sc43.TAGCTT_chr1_processed_juicer_formatted.txt
./make_hic_for_normalization_afterprocessing.sh: line 31: ../../projects/single_cell_files/hic_1Mb_raw_dir/chr1/sc48.GCCAAT_chr1_processed.txt: No such file or directory
./make_hic_for_normalization_afterprocessing.sh: line 31: ../../projects/single_cell_files/hic_1Mb_raw_dir/chr1/sc46.TAGCTT_chr1_processed.txt: No such file or directory
Conversion completed: ../../projects/single_cell_files/hic_1Mb_raw_dir/chr1/sc46.TAGCTT_chr1_processed_juicer_formatted.txt
Conversion completed: ../../projects/single_cell_files/hic_1Mb_raw_dir/chr1/sc48.GCCAAT_chr1_processed_juicer_formatted.txt
./make_hic_for_normalization_afterprocessing.sh: line 31: ../../projects/single_cell_files/hic_1Mb_raw_dir/chr1/sc41.CGATGT_chr1_processed.txt: No such file or directory
Conversion completed: ../../projects/single_cell_files/hic_1Mb_raw_dir/chr1/sc41.CGATGT_chr1_processed_juicer_formatted.txt
./make_hic_for_normalization_afterprocessing.sh: line 31: ../../projects/single_cell_files/hic_1Mb_raw_dir/chr1/sc47.TAGCTT_chr1_processed.txt: No such file or directory
Conversion completed: ../../projects/single_cell_files/hic_1Mb_raw_dir/chr1/sc47.TAGCTT_chr1_processed_juicer_formatted.txt
./make_hic_for_normalization_afterprocessing.sh: line 31: ../../projects/single_cell_files/hic_1Mb_raw_dir/chr1/sc46.CGATGT_chr1_processed.txt: No such file or directory
Conversion completed: ../../projects/single_cell_files/hic_1Mb_raw_dir/chr1/sc46.CGATGT_chr1_processed_juicer_formatted.txt
./make_hic_for_normalization_afterprocessing.sh: line 31: ../../projects/single_cell_files/hic_1Mb_raw_dir/chr1/sc48.TAGCTT_chr1_processed.txt: No such file or directory
Conversion completed: ../../projects/single_cell_files/hic_1Mb_raw_dir/chr1/sc48.TAGCTT_chr1_processed_juicer_formatted.txt
./make_hic_for_normalization_afterprocessing.sh: line 31: ../../projects/single_cell_files/hic_1Mb_raw_dir/chr1/sc47.CGATGT_chr1_processed.txt: No such file or directory
Conversion completed: ../../projects/single_cell_files/hic_1Mb_raw_dir/chr1/sc47.CGATGT_chr1_processed_juicer_formatted.txt
./make_hic_for_normalization_afterprocessing.sh: line 31: ../../projects/single_cell_files/hic_1Mb_raw_dir/chr1/sc48.CGATGT_chr1_processed.txt: No such file or directory
Conversion completed: ../../projects/single_cell_files/hic_1Mb_raw_dir/chr1/sc48.CGATGT_chr1_processed_juicer_formatted.txt
./make_hic_for_normalization_afterprocessing.sh: line 31: ../../projects/single_cell_files/hic_1Mb_raw_dir/chr1/sc47.GCCAAT_chr1_processed.txt: No such file or directory
Conversion completed: ../../projects/single_cell_files/hic_1Mb_raw_dir/chr1/sc47.GCCAAT_chr1_processed_juicer_formatted.txt
./make_hic_for_normalization_afterprocessing.sh: line 31: ../../projects/single_cell_files/hic_1Mb_raw_dir/chr1/sc42.CGATGT_chr1_processed.txt: No such file or directory
Conversion completed: ../../projects/single_cell_files/hic_1Mb_raw_dir/chr1/sc42.CGATGT_chr1_processed_juicer_formatted.txt
./make_hic_for_normalization_afterprocessing.sh: line 31: ../../projects/single_cell_files/hic_1Mb_raw_dir/chr1/sc4.GCCAAT_chr1_processed.txt: No such file or directory
Conversion completed: ../../projects/single_cell_files/hic_1Mb_raw_dir/chr1/sc4.GCCAAT_chr1_processed_juicer_formatted.txt
./make_hic_for_normalization_afterprocessing.sh: line 31: ../../projects/single_cell_files/hic_1Mb_raw_dir/chr1/sc6.ACTTGA_chr1_processed.txt: No such file or directory
Conversion completed: ../../projects/single_cell_files/hic_1Mb_raw_dir/chr1/sc6.ACTTGA_chr1_processed_juicer_formatted.txt
./make_hic_for_normalization_afterprocessing.sh: line 31: ../../projects/single_cell_files/hic_1Mb_raw_dir/chr1/sc47.ACTTGA_chr1_processed.txt: No such file or directory
Conversion completed: ../../projects/single_cell_files/hic_1Mb_raw_dir/chr1/sc47.ACTTGA_chr1_processed_juicer_formatted.txt
./make_hic_for_normalization_afterprocessing.sh: line 31: ../../projects/single_cell_files/hic_1Mb_raw_dir/chr1/sc5.CGATGT_chr1_processed.txt: No such file or directory
./make_hic_for_normalization_afterprocessing.sh: line 31: ../../projects/single_cell_files/hic_1Mb_raw_dir/chr1/sc4.CGATGT_chr1_processed.txt: No such file or directory
Conversion completed: ../../projects/single_cell_files/hic_1Mb_raw_dir/chr1/sc5.CGATGT_chr1_processed_juicer_formatted.txt
Conversion completed: ../../projects/single_cell_files/hic_1Mb_raw_dir/chr1/sc4.CGATGT_chr1_processed_juicer_formatted.txt
./make_hic_for_normalization_afterprocessing.sh: line 31: ../../projects/single_cell_files/hic_1Mb_raw_dir/chr1/sc4.ACTTGA_chr1_processed.txt: No such file or directory
Conversion completed: ../../projects/single_cell_files/hic_1Mb_raw_dir/chr1/sc4.ACTTGA_chr1_processed_juicer_formatted.txt
./make_hic_for_normalization_afterprocessing.sh: line 31: ../../projects/single_cell_files/hic_1Mb_raw_dir/chr1/sc6.TAGCTT_chr1_processed.txt: No such file or directory
Conversion completed: ../../projects/single_cell_files/hic_1Mb_raw_dir/chr1/sc6.TAGCTT_chr1_processed_juicer_formatted.txt
./make_hic_for_normalization_afterprocessing.sh: line 31: ../../projects/single_cell_files/hic_1Mb_raw_dir/chr1/sc5.TAGCTT_chr1_processed.txt: No such file or directory
Conversion completed: ../../projects/single_cell_files/hic_1Mb_raw_dir/chr1/sc5.TAGCTT_chr1_processed_juicer_formatted.txt
./make_hic_for_normalization_afterprocessing.sh: line 31: ../../projects/single_cell_files/hic_1Mb_raw_dir/chr1/sc5.GCCAAT_chr1_processed.txt: No such file or directory
Conversion completed: ../../projects/single_cell_files/hic_1Mb_raw_dir/chr1/sc5.GCCAAT_chr1_processed_juicer_formatted.txt
./make_hic_for_normalization_afterprocessing.sh: line 31: ../../projects/single_cell_files/hic_1Mb_raw_dir/chr1/sc6.CGATGT_chr1_processed.txt: No such file or directory
Conversion completed: ../../projects/single_cell_files/hic_1Mb_raw_dir/chr1/sc6.CGATGT_chr1_processed_juicer_formatted.txt
./make_hic_for_normalization_afterprocessing.sh: line 31: ../../projects/single_cell_files/hic_1Mb_raw_dir/chr1/sc7.CGATGT_chr1_processed.txt: No such file or directory
Conversion completed: ../../projects/single_cell_files/hic_1Mb_raw_dir/chr1/sc7.CGATGT_chr1_processed_juicer_formatted.txt
./make_hic_for_normalization_afterprocessing.sh: line 31: ../../projects/single_cell_files/hic_1Mb_raw_dir/chr1/sc7.ACTTGA_chr1_processed.txt: No such file or directory
Conversion completed: ../../projects/single_cell_files/hic_1Mb_raw_dir/chr1/sc7.ACTTGA_chr1_processed_juicer_formatted.txt
./make_hic_for_normalization_afterprocessing.sh: line 31: ../../projects/single_cell_files/hic_1Mb_raw_dir/chr1/sc9.CGATGT_chr1_processed.txt: No such file or directory
./make_hic_for_normalization_afterprocessing.sh: line 31: ../../projects/single_cell_files/hic_1Mb_raw_dir/chr1/sc9.TAGCTT_chr1_processed.txt: No such file or directory
Conversion completed: ../../projects/single_cell_files/hic_1Mb_raw_dir/chr1/sc9.CGATGT_chr1_processed_juicer_formatted.txt
./make_hic_for_normalization_afterprocessing.sh: line 31: ../../projects/single_cell_files/hic_1Mb_raw_dir/chr1/sc9.ACTTGA_chr1_processed.txt: No such file or directory
./make_hic_for_normalization_afterprocessing.sh: line 31: ../../projects/single_cell_files/hic_1Mb_raw_dir/chr1/sc9.GCCAAT_chr1_processed.txt: No such file or directory
Conversion completed: ../../projects/single_cell_files/hic_1Mb_raw_dir/chr1/sc9.ACTTGA_chr1_processed_juicer_formatted.txt
Conversion completed: ../../projects/single_cell_files/hic_1Mb_raw_dir/chr1/sc9.TAGCTT_chr1_processed_juicer_formatted.txt
./make_hic_for_normalization_afterprocessing.sh: line 31: ../../projects/single_cell_files/hic_1Mb_raw_dir/chr1/sc8.ACTTGA_chr1_processed.txt: No such file or directory
Conversion completed: ../../projects/single_cell_files/hic_1Mb_raw_dir/chr1/sc8.ACTTGA_chr1_processed_juicer_formatted.txt
Conversion completed: ../../projects/single_cell_files/hic_1Mb_raw_dir/chr1/sc9.GCCAAT_chr1_processed_juicer_formatted.txt
Error: no known VMs. (check for corrupt jvm.cfg file)
Error: no known VMs. (check for corrupt jvm.cfg file)
Error: no known VMs. (check for corrupt jvm.cfg file)
Error: no known VMs. (check for corrupt jvm.cfg file)
