Downloading GSE119171_RAW.tar...
Extracting GSE119171_RAW.tar...
GSM3359964_JL_3_merge_bismark_bt2_pe_merge.bam_sort_dupMarked.bam.CpG.sort.bed.gz
GSM3359965_JL_4_merge_bismark_bt2_pe_merge.bam_sort_dupMarked.bam.CpG.sort.bed.gz
GSM3359970_JL_392_10.ACTTGA.mm9.merged.calmd.cpg.filtered.sort.CG.strand.6plus2.bed.gz
GSM3359970_JL_392_10.CGATGT.mm9.merged.calmd.cpg.filtered.sort.CG.strand.6plus2.bed.gz
GSM3359970_JL_392_10.GCCAAT.mm9.merged.calmd.cpg.filtered.sort.CG.strand.6plus2.bed.gz
GSM3359970_JL_392_10.TAGCTT.mm9.merged.calmd.cpg.filtered.sort.CG.strand.6plus2.bed.gz
GSM3359971_JL_392_1.ACTTGA.mm9.merged.calmd.cpg.filtered.sort.CG.strand.6plus2.bed.gz
GSM3359971_JL_392_1.CGATGT.mm9.merged.calmd.cpg.filtered.sort.CG.strand.6plus2.bed.gz
GSM3359971_JL_392_1.GCCAAT.mm9.merged.calmd.cpg.filtered.sort.CG.strand.6plus2.bed.gz
GSM3359971_JL_392_1.TAGCTT.mm9.merged.calmd.cpg.filtered.sort.CG.strand.6plus2.bed.gz
GSM3359972_JL_392_2.ACTTGA.mm9.merged.calmd.cpg.filtered.sort.CG.strand.6plus2.bed.gz
GSM3359972_JL_392_2.CGATGT.mm9.merged.calmd.cpg.filtered.sort.CG.strand.6plus2.bed.gz
GSM3359972_JL_392_2.TAGCTT.mm9.merged.calmd.cpg.filtered.sort.CG.strand.6plus2.bed.gz
GSM3359973_JL_392_4.ACTTGA.mm9.merged.calmd.cpg.filtered.sort.CG.strand.6plus2.bed.gz
GSM3359973_JL_392_4.CGATGT.mm9.merged.calmd.cpg.filtered.sort.CG.strand.6plus2.bed.gz
GSM3359973_JL_392_4.GCCAAT.mm9.merged.calmd.cpg.filtered.sort.CG.strand.6plus2.bed.gz
GSM3359973_JL_392_4.TAGCTT.mm9.merged.calmd.cpg.filtered.sort.CG.strand.6plus2.bed.gz
GSM3359974_JL_392_5.ACTTGA.mm9.merged.calmd.cpg.filtered.sort.CG.strand.6plus2.bed.gz
GSM3359974_JL_392_5.CGATGT.mm9.merged.calmd.cpg.filtered.sort.CG.strand.6plus2.bed.gz
GSM3359974_JL_392_5.GCCAAT.mm9.merged.calmd.cpg.filtered.sort.CG.strand.6plus2.bed.gz
GSM3359974_JL_392_5.TAGCTT.mm9.merged.calmd.cpg.filtered.sort.CG.strand.6plus2.bed.gz
GSM3359975_JL_392_6.ACTTGA.mm9.merged.calmd.cpg.filtered.sort.CG.strand.6plus2.bed.gz
GSM3359975_JL_392_6.CGATGT.mm9.merged.calmd.cpg.filtered.sort.CG.strand.6plus2.bed.gz
GSM3359975_JL_392_6.GCCAAT.mm9.merged.calmd.cpg.filtered.sort.CG.strand.6plus2.bed.gz
GSM3359975_JL_392_6.TAGCTT.mm9.merged.calmd.cpg.filtered.sort.CG.strand.6plus2.bed.gz
GSM3359976_JL_392_7.ACTTGA.mm9.merged.calmd.cpg.filtered.sort.CG.strand.6plus2.bed.gz
GSM3359976_JL_392_7.CGATGT.mm9.merged.calmd.cpg.filtered.sort.CG.strand.6plus2.bed.gz
GSM3359976_JL_392_7.GCCAAT.mm9.merged.calmd.cpg.filtered.sort.CG.strand.6plus2.bed.gz
GSM3359976_JL_392_7.TAGCTT.mm9.merged.calmd.cpg.filtered.sort.CG.strand.6plus2.bed.gz
GSM3359977_JL_392_8.ACTTGA.mm9.merged.calmd.cpg.filtered.sort.CG.strand.6plus2.bed.gz
GSM3359977_JL_392_8.CGATGT.mm9.merged.calmd.cpg.filtered.sort.CG.strand.6plus2.bed.gz
GSM3359977_JL_392_8.GCCAAT.mm9.merged.calmd.cpg.filtered.sort.CG.strand.6plus2.bed.gz
GSM3359977_JL_392_8.TAGCTT.mm9.merged.calmd.cpg.filtered.sort.CG.strand.6plus2.bed.gz
GSM3359978_JL_392_9.ACTTGA.mm9.merged.calmd.cpg.filtered.sort.CG.strand.6plus2.bed.gz
GSM3359978_JL_392_9.CGATGT.mm9.merged.calmd.cpg.filtered.sort.CG.strand.6plus2.bed.gz
GSM3359978_JL_392_9.GCCAAT.mm9.merged.calmd.cpg.filtered.sort.CG.strand.6plus2.bed.gz
GSM3359978_JL_392_9.TAGCTT.mm9.merged.calmd.cpg.filtered.sort.CG.strand.6plus2.bed.gz
GSM3359979_JL_443.ACTTGA.mm9.merged.calmd.cpg.filtered.sort.CG.strand.6plus2.bed.gz
GSM3359979_JL_443.CGATGT.mm9.merged.calmd.cpg.filtered.sort.CG.strand.6plus2.bed.gz
GSM3359979_JL_443.GCCAAT.mm9.merged.calmd.cpg.filtered.sort.CG.strand.6plus2.bed.gz
GSM3359979_JL_443.TAGCTT.mm9.merged.calmd.cpg.filtered.sort.CG.strand.6plus2.bed.gz
GSM3359980_JL_444.ACTTGA.mm9.merged.calmd.cpg.filtered.sort.CG.strand.6plus2.bed.gz
GSM3359980_JL_444.CGATGT.mm9.merged.calmd.cpg.filtered.sort.CG.strand.6plus2.bed.gz
GSM3359980_JL_444.GCCAAT.mm9.merged.calmd.cpg.filtered.sort.CG.strand.6plus2.bed.gz
GSM3359980_JL_444.TAGCTT.mm9.merged.calmd.cpg.filtered.sort.CG.strand.6plus2.bed.gz
GSM3359981_JL_445.ACTTGA.mm9.merged.calmd.cpg.filtered.sort.CG.strand.6plus2.bed.gz
GSM3359981_JL_445.CGATGT.mm9.merged.calmd.cpg.filtered.sort.CG.strand.6plus2.bed.gz
GSM3359981_JL_445.GCCAAT.mm9.merged.calmd.cpg.filtered.sort.CG.strand.6plus2.bed.gz
GSM3359981_JL_445.TAGCTT.mm9.merged.calmd.cpg.filtered.sort.CG.strand.6plus2.bed.gz
GSM3359982_JL_446.ACTTGA.mm9.merged.calmd.cpg.filtered.sort.CG.strand.6plus2.bed.gz
GSM3359982_JL_446.CGATGT.mm9.merged.calmd.cpg.filtered.sort.CG.strand.6plus2.bed.gz
GSM3359982_JL_446.GCCAAT.mm9.merged.calmd.cpg.filtered.sort.CG.strand.6plus2.bed.gz
GSM3359982_JL_446.TAGCTT.mm9.merged.calmd.cpg.filtered.sort.CG.strand.6plus2.bed.gz
GSM3359983_JL_447.ACTTGA.mm9.merged.calmd.cpg.filtered.sort.CG.strand.6plus2.bed.gz
GSM3359983_JL_447.CGATGT.mm9.merged.calmd.cpg.filtered.sort.CG.strand.6plus2.bed.gz
GSM3359983_JL_447.GCCAAT.mm9.merged.calmd.cpg.filtered.sort.CG.strand.6plus2.bed.gz
GSM3359983_JL_447.TAGCTT.mm9.merged.calmd.cpg.filtered.sort.CG.strand.6plus2.bed.gz
GSM3359984_JL_458_10.ACTTGA.mm9.calmd.cpg.filtered.sort.CG.strand.6plus2.bed.gz
GSM3359984_JL_458_10.CGATGT.mm9.calmd.cpg.filtered.sort.CG.strand.6plus2.bed.gz
GSM3359984_JL_458_10.GCCAAT.mm9.calmd.cpg.filtered.sort.CG.strand.6plus2.bed.gz
GSM3359984_JL_458_10.TAGCTT.mm9.calmd.cpg.filtered.sort.CG.strand.6plus2.bed.gz
GSM3359985_JL_458_11.ACTTGA.mm9.calmd.cpg.filtered.sort.CG.strand.6plus2.bed.gz
GSM3359985_JL_458_11.CGATGT.mm9.calmd.cpg.filtered.sort.CG.strand.6plus2.bed.gz
GSM3359985_JL_458_11.GCCAAT.mm9.calmd.cpg.filtered.sort.CG.strand.6plus2.bed.gz
GSM3359985_JL_458_11.TAGCTT.mm9.calmd.cpg.filtered.sort.CG.strand.6plus2.bed.gz
GSM3359986_JL_458_12.ACTTGA.mm9.calmd.cpg.filtered.sort.CG.strand.6plus2.bed.gz
GSM3359986_JL_458_12.CGATGT.mm9.calmd.cpg.filtered.sort.CG.strand.6plus2.bed.gz
GSM3359986_JL_458_12.GCCAAT.mm9.calmd.cpg.filtered.sort.CG.strand.6plus2.bed.gz
GSM3359986_JL_458_12.TAGCTT.mm9.calmd.cpg.filtered.sort.CG.strand.6plus2.bed.gz
GSM3359987_JL_458_1.ACTTGA.mm9.calmd.cpg.filtered.sort.CG.strand.6plus2.bed.gz
GSM3359987_JL_458_1.CGATGT.mm9.calmd.cpg.filtered.sort.CG.strand.6plus2.bed.gz
GSM3359987_JL_458_1.GCCAAT.mm9.calmd.cpg.filtered.sort.CG.strand.6plus2.bed.gz
GSM3359987_JL_458_1.TAGCTT.mm9.calmd.cpg.filtered.sort.CG.strand.6plus2.bed.gz
GSM3359988_JL_458_2.ACTTGA.mm9.calmd.cpg.filtered.sort.CG.strand.6plus2.bed.gz
GSM3359988_JL_458_2.CGATGT.mm9.calmd.cpg.filtered.sort.CG.strand.6plus2.bed.gz
GSM3359988_JL_458_2.GCCAAT.mm9.calmd.cpg.filtered.sort.CG.strand.6plus2.bed.gz
GSM3359988_JL_458_2.TAGCTT.mm9.calmd.cpg.filtered.sort.CG.strand.6plus2.bed.gz
GSM3359989_JL_458_3.ACTTGA.mm9.calmd.cpg.filtered.sort.CG.strand.6plus2.bed.gz
GSM3359989_JL_458_3.CGATGT.mm9.calmd.cpg.filtered.sort.CG.strand.6plus2.bed.gz
GSM3359989_JL_458_3.GCCAAT.mm9.calmd.cpg.filtered.sort.CG.strand.6plus2.bed.gz
GSM3359989_JL_458_3.TAGCTT.mm9.calmd.cpg.filtered.sort.CG.strand.6plus2.bed.gz
GSM3359990_JL_458_4.ACTTGA.mm9.calmd.cpg.filtered.sort.CG.strand.6plus2.bed.gz
GSM3359990_JL_458_4.CGATGT.mm9.calmd.cpg.filtered.sort.CG.strand.6plus2.bed.gz
GSM3359990_JL_458_4.GCCAAT.mm9.calmd.cpg.filtered.sort.CG.strand.6plus2.bed.gz
GSM3359990_JL_458_4.TAGCTT.mm9.calmd.cpg.filtered.sort.CG.strand.6plus2.bed.gz
GSM3359991_JL_458_5.ACTTGA.mm9.calmd.cpg.filtered.sort.CG.strand.6plus2.bed.gz
GSM3359991_JL_458_5.CGATGT.mm9.calmd.cpg.filtered.sort.CG.strand.6plus2.bed.gz
GSM3359991_JL_458_5.GCCAAT.mm9.calmd.cpg.filtered.sort.CG.strand.6plus2.bed.gz
GSM3359991_JL_458_5.TAGCTT.mm9.calmd.cpg.filtered.sort.CG.strand.6plus2.bed.gz
GSM3359992_JL_458_6.ACTTGA.mm9.calmd.cpg.filtered.sort.CG.strand.6plus2.bed.gz
GSM3359992_JL_458_6.CGATGT.mm9.calmd.cpg.filtered.sort.CG.strand.6plus2.bed.gz
GSM3359992_JL_458_6.GCCAAT.mm9.calmd.cpg.filtered.sort.CG.strand.6plus2.bed.gz
GSM3359992_JL_458_6.TAGCTT.mm9.calmd.cpg.filtered.sort.CG.strand.6plus2.bed.gz
GSM3359993_JL_458_7.ACTTGA.mm9.calmd.cpg.filtered.sort.CG.strand.6plus2.bed.gz
GSM3359993_JL_458_7.CGATGT.mm9.calmd.cpg.filtered.sort.CG.strand.6plus2.bed.gz
GSM3359993_JL_458_7.GCCAAT.mm9.calmd.cpg.filtered.sort.CG.strand.6plus2.bed.gz
GSM3359993_JL_458_7.TAGCTT.mm9.calmd.cpg.filtered.sort.CG.strand.6plus2.bed.gz
GSM3359994_JL_458_8.ACTTGA.mm9.calmd.cpg.filtered.sort.CG.strand.6plus2.bed.gz
GSM3359994_JL_458_8.CGATGT.mm9.calmd.cpg.filtered.sort.CG.strand.6plus2.bed.gz
GSM3359994_JL_458_8.GCCAAT.mm9.calmd.cpg.filtered.sort.CG.strand.6plus2.bed.gz
GSM3359994_JL_458_8.TAGCTT.mm9.calmd.cpg.filtered.sort.CG.strand.6plus2.bed.gz
GSM3359995_JL_458_9.ACTTGA.mm9.calmd.cpg.filtered.sort.CG.strand.6plus2.bed.gz
GSM3359995_JL_458_9.CGATGT.mm9.calmd.cpg.filtered.sort.CG.strand.6plus2.bed.gz
GSM3359995_JL_458_9.GCCAAT.mm9.calmd.cpg.filtered.sort.CG.strand.6plus2.bed.gz
GSM3359995_JL_458_9.TAGCTT.mm9.calmd.cpg.filtered.sort.CG.strand.6plus2.bed.gz
GSM3359996_JL_457_10.ACTTGA.mm9.calmd.cpg.filtered.sort.CG.strand.6plus2.bed.gz
GSM3359996_JL_457_10.CGATGT.mm9.calmd.cpg.filtered.sort.CG.strand.6plus2.bed.gz
GSM3359996_JL_457_10.GCCAAT.mm9.calmd.cpg.filtered.sort.CG.strand.6plus2.bed.gz
GSM3359996_JL_457_10.TAGCTT.mm9.calmd.cpg.filtered.sort.CG.strand.6plus2.bed.gz
GSM3359997_JL_457_11.ACTTGA.mm9.calmd.cpg.filtered.sort.CG.strand.6plus2.bed.gz
GSM3359997_JL_457_11.CGATGT.mm9.calmd.cpg.filtered.sort.CG.strand.6plus2.bed.gz
GSM3359997_JL_457_11.GCCAAT.mm9.calmd.cpg.filtered.sort.CG.strand.6plus2.bed.gz
GSM3359997_JL_457_11.TAGCTT.mm9.calmd.cpg.filtered.sort.CG.strand.6plus2.bed.gz
GSM3359998_JL_457_12.ACTTGA.mm9.calmd.cpg.filtered.sort.CG.strand.6plus2.bed.gz
GSM3359998_JL_457_12.CGATGT.mm9.calmd.cpg.filtered.sort.CG.strand.6plus2.bed.gz
GSM3359998_JL_457_12.GCCAAT.mm9.calmd.cpg.filtered.sort.CG.strand.6plus2.bed.gz
GSM3359998_JL_457_12.TAGCTT.mm9.calmd.cpg.filtered.sort.CG.strand.6plus2.bed.gz
GSM3359999_JL_457_1.ACTTGA.mm9.calmd.cpg.filtered.sort.CG.strand.6plus2.bed.gz
GSM3359999_JL_457_1.CGATGT.mm9.calmd.cpg.filtered.sort.CG.strand.6plus2.bed.gz
GSM3359999_JL_457_1.GCCAAT.mm9.calmd.cpg.filtered.sort.CG.strand.6plus2.bed.gz
GSM3359999_JL_457_1.TAGCTT.mm9.calmd.cpg.filtered.sort.CG.strand.6plus2.bed.gz
GSM3360000_JL_457_2.ACTTGA.mm9.calmd.cpg.filtered.sort.CG.strand.6plus2.bed.gz
GSM3360000_JL_457_2.CGATGT.mm9.calmd.cpg.filtered.sort.CG.strand.6plus2.bed.gz
GSM3360000_JL_457_2.GCCAAT.mm9.calmd.cpg.filtered.sort.CG.strand.6plus2.bed.gz
GSM3360000_JL_457_2.TAGCTT.mm9.calmd.cpg.filtered.sort.CG.strand.6plus2.bed.gz
GSM3360001_JL_457_3.ACTTGA.mm9.calmd.cpg.filtered.sort.CG.strand.6plus2.bed.gz
GSM3360001_JL_457_3.CGATGT.mm9.calmd.cpg.filtered.sort.CG.strand.6plus2.bed.gz
GSM3360001_JL_457_3.GCCAAT.mm9.calmd.cpg.filtered.sort.CG.strand.6plus2.bed.gz
GSM3360001_JL_457_3.TAGCTT.mm9.calmd.cpg.filtered.sort.CG.strand.6plus2.bed.gz
GSM3360002_JL_457_4.ACTTGA.mm9.calmd.cpg.filtered.sort.CG.strand.6plus2.bed.gz
GSM3360002_JL_457_4.CGATGT.mm9.calmd.cpg.filtered.sort.CG.strand.6plus2.bed.gz
GSM3360002_JL_457_4.GCCAAT.mm9.calmd.cpg.filtered.sort.CG.strand.6plus2.bed.gz
GSM3360002_JL_457_4.TAGCTT.mm9.calmd.cpg.filtered.sort.CG.strand.6plus2.bed.gz
GSM3360003_JL_457_5.ACTTGA.mm9.calmd.cpg.filtered.sort.CG.strand.6plus2.bed.gz
GSM3360003_JL_457_5.CGATGT.mm9.calmd.cpg.filtered.sort.CG.strand.6plus2.bed.gz
GSM3360003_JL_457_5.GCCAAT.mm9.calmd.cpg.filtered.sort.CG.strand.6plus2.bed.gz
GSM3360003_JL_457_5.TAGCTT.mm9.calmd.cpg.filtered.sort.CG.strand.6plus2.bed.gz
GSM3360004_JL_457_6.ACTTGA.mm9.calmd.cpg.filtered.sort.CG.strand.6plus2.bed.gz
GSM3360004_JL_457_6.CGATGT.mm9.calmd.cpg.filtered.sort.CG.strand.6plus2.bed.gz
GSM3360004_JL_457_6.GCCAAT.mm9.calmd.cpg.filtered.sort.CG.strand.6plus2.bed.gz
GSM3360004_JL_457_6.TAGCTT.mm9.calmd.cpg.filtered.sort.CG.strand.6plus2.bed.gz
GSM3360005_JL_457_7.ACTTGA.mm9.calmd.cpg.filtered.sort.CG.strand.6plus2.bed.gz
GSM3360005_JL_457_7.CGATGT.mm9.calmd.cpg.filtered.sort.CG.strand.6plus2.bed.gz
GSM3360005_JL_457_7.GCCAAT.mm9.calmd.cpg.filtered.sort.CG.strand.6plus2.bed.gz
GSM3360005_JL_457_7.TAGCTT.mm9.calmd.cpg.filtered.sort.CG.strand.6plus2.bed.gz
GSM3360006_JL_457_8.ACTTGA.mm9.calmd.cpg.filtered.sort.CG.strand.6plus2.bed.gz
GSM3360006_JL_457_8.CGATGT.mm9.calmd.cpg.filtered.sort.CG.strand.6plus2.bed.gz
GSM3360006_JL_457_8.GCCAAT.mm9.calmd.cpg.filtered.sort.CG.strand.6plus2.bed.gz
GSM3360006_JL_457_8.TAGCTT.mm9.calmd.cpg.filtered.sort.CG.strand.6plus2.bed.gz
GSM3360007_JL_457_9.ACTTGA.mm9.calmd.cpg.filtered.sort.CG.strand.6plus2.bed.gz
GSM3360007_JL_457_9.CGATGT.mm9.calmd.cpg.filtered.sort.CG.strand.6plus2.bed.gz
GSM3360007_JL_457_9.GCCAAT.mm9.calmd.cpg.filtered.sort.CG.strand.6plus2.bed.gz
[Wed Sep 18 14:39:10 EDT 2024] Processing SRR7770799 with PID 16593
Downloading SRR7770799...

2024-09-18T18:39:11 prefetch.2.10.9: 1) 'SRR7770799' (28GB) is larger than maximum allowed: skipped 

Download of some files was skipped because they are too large
You can change size download limit by setting
--min-size and --max-size command line arguments
Converting SRR7770799.sra to FASTQ format...
Error: FASTQ conversion for SRR7770799.sra failed.
